This is pdfTeX, Version 3.14159265-2.6-1.40.21 (MiKTeX 20.12) (preloaded format=pdflatex 2020.12.17)  10 MAR 2021 23:36
entering extended mode
**./masterarbeit.tex
(masterarbeit.tex
LaTeX2e <2020-10-01> patch level 2
L3 programming layer <2020-12-07> xparse <2020-03-03>
(C:\Users\donnykong\AppData\Local\Programs\MiKTeX\tex/latex/koma-script\scrartc
l.cls
Document Class: scrartcl 2020/09/21 v3.32 KOMA-Script document class (article)

(C:\Users\donnykong\AppData\Local\Programs\MiKTeX\tex/latex/koma-script\scrkbas
e.sty
Package: scrkbase 2020/09/21 v3.32 KOMA-Script package (KOMA-Script-dependent b
asics and keyval usage)

(C:\Users\donnykong\AppData\Local\Programs\MiKTeX\tex/latex/koma-script\scrbase
.sty
Package: scrbase 2020/09/21 v3.32 KOMA-Script package (KOMA-Script-independent 
basics and keyval usage)

(C:\Users\donnykong\AppData\Local\Programs\MiKTeX\tex/latex/koma-script\scrlfil
e.sty
Package: scrlfile 2020/09/21 v3.32 KOMA-Script package (file load hooks)

(C:\Users\donnykong\AppData\Local\Programs\MiKTeX\tex/latex/koma-script\scrlfil
e-hook.sty
Package: scrlfile-hook 2020/09/21 v3.32 KOMA-Script package (using LaTeX hooks)


LaTeX3 Info: Defining command \BeforeFile with sig. 'm' on line 61.


LaTeX3 Info: Defining command \AfterFile with sig. 'm' on line 65.


LaTeX3 Info: Defining command \BeforeClass with sig. 'm' on line 69.


LaTeX3 Info: Defining command \BeforePackage with sig. 'm' on line 73.


LaTeX3 Info: Defining command \AfterAtEndOfClass with sig. 'smo+m' on line 83.


LaTeX3 Info: Defining command \AfterAtEndOfPackage with sig. 'smo+m' on line
(LaTeX3)     93.


LaTeX3 Info: Defining command \scrlfile@AfterClass with sig. 'smo+m' on line
(LaTeX3)     173.


LaTeX3 Info: Defining command \AfterClass with sig. '' on line 174.


LaTeX3 Info: Defining command \scrlfile@AfterPackage with sig. 'smo+m' on line
(LaTeX3)     191.


LaTeX3 Info: Defining command \AfterPackage with sig. '' on line 192.


LaTeX3 Info: Defining command \ReplaceInput with sig. '' on line 193.


LaTeX3 Info: Defining command \ReplaceClass with sig. 'mm' on line 196.


LaTeX3 Info: Defining command \ReplacePackage with sig. 'mm' on line 199.


LaTeX3 Info: Defining command \UnReplaceInput with sig. '' on line 200.


LaTeX3 Info: Defining command \UnReplaceClass with sig. 'm' on line 203.


LaTeX3 Info: Defining command \UnReplacePackage with sig. 'mm' on line 206.


LaTeX3 Info: Defining command \PreventPackageFromLoading with sig. 's+om' on
(LaTeX3)     line 234.


LaTeX3 Info: Defining command \StorePreventPackageFromLoading with sig. 'm' on
(LaTeX3)     line 242.


LaTeX3 Info: Defining command \ResetPreventPackageFromLoading with sig. '' on
(LaTeX3)     line 247.


LaTeX3 Info: Defining command \UnPreventPackageFromLoading with sig. 'sm' on
(LaTeX3)     line 261.


LaTeX3 Info: Defining command \BeforeClosingMainAux with sig. 'om' on line
(LaTeX3)     274.


LaTeX3 Info: Defining command \AfterReadingMainAux with sig. 'om' on line 287.


LaTeX3 Info: Defining command \protected@immediate@write with sig. 'm+m+m' on
(LaTeX3)     line 298.


(C:\Users\donnykong\AppData\Local\Programs\MiKTeX\tex/latex/koma-script\scrlogo
.sty
Package: scrlogo 2020/09/21 v3.32 KOMA-Script package (logo)
)))
(C:\Users\donnykong\AppData\Local\Programs\MiKTeX\tex/latex/graphics\keyval.sty
Package: keyval 2014/10/28 v1.15 key=value parser (DPC)
\KV@toks@=\toks15
)))
(C:\Users\donnykong\AppData\Local\Programs\MiKTeX\tex/latex/koma-script\tocbasi
c.sty
Package: tocbasic 2020/09/21 v3.32 KOMA-Script package (handling toc-files)
\scr@dte@tocline@numberwidth=\skip47
\scr@dte@tocline@numbox=\box47
)
Package tocbasic Info: babel extension for `toc' omitted
(tocbasic)             because of missing \bbl@set@language on input line 135.
Package scrartcl Info: You've used standard option `12pt'.
(scrartcl)             This is correct!
(scrartcl)             Internally I'm using `fontsize=12pt'.
(scrartcl)             If you'd like to set the option with \KOMAoptions,
(scrartcl)             you'd have to use `fontsize=12pt' there
(scrartcl)             instead of `12pt', too.
Class scrartcl Info: File `scrsize12pt.clo' used to setup font sizes on input l
ine 2222.

(C:\Users\donnykong\AppData\Local\Programs\MiKTeX\tex/latex/koma-script\scrsize
12pt.clo
File: scrsize12pt.clo 2020/09/21 v3.32 KOMA-Script font size class option (12pt
)
)
(C:\Users\donnykong\AppData\Local\Programs\MiKTeX\tex/latex/koma-script\typeare
a.sty
Package: typearea 2020/09/21 v3.32 KOMA-Script package (type area)
\ta@bcor=\skip48
\ta@div=\count177
Package typearea Info: You've used standard option `a4paper'.
(typearea)             This is correct!
(typearea)             Internally I'm using `paper=a4'.
(typearea)             If you'd like to set the option with \KOMAoptions,
(typearea)             you'd have to use `paper=a4' there
(typearea)             instead of `a4paper', too.
\ta@hblk=\skip49
\ta@vblk=\skip50
\ta@temp=\skip51
\footheight=\skip52
Package typearea Info: These are the values describing the layout:
(typearea)             DIV  = 12
(typearea)             BCOR = 0.0pt
(typearea)             \paperwidth      = 597.50793pt
(typearea)              \textwidth      = 448.13095pt
(typearea)              DIV departure   = -6%
(typearea)              \evensidemargin = 2.4185pt
(typearea)              \oddsidemargin  = 2.4185pt
(typearea)             \paperheight     = 845.04694pt
(typearea)              \textheight     = 635.5pt
(typearea)              \topmargin      = -41.72441pt
(typearea)              \headheight     = 18.125pt
(typearea)              \headsep        = 21.75pt
(typearea)              \topskip        = 12.0pt
(typearea)              \footskip       = 50.75pt
(typearea)              \baselineskip   = 14.5pt
(typearea)              on input line 1740.
)
\c@part=\count178
\c@section=\count179
\c@subsection=\count180
\c@subsubsection=\count181
\c@paragraph=\count182
\c@subparagraph=\count183
\scr@dte@section@maxnumwidth=\skip53
Class scrartcl Info: using compatibility default `runin=bysign'
(scrartcl)           for `\section on input line 4795.
Class scrartcl Info: using compatibility default `afterindent=bysign'
(scrartcl)           for `\section on input line 4795.
\scr@dte@part@maxnumwidth=\skip54
Class scrartcl Info: using compatibility default `afterindent=false'
(scrartcl)           for `\part on input line 4803.
\scr@dte@subsection@maxnumwidth=\skip55
Class scrartcl Info: using compatibility default `runin=bysign'
(scrartcl)           for `\subsection on input line 4813.
Class scrartcl Info: using compatibility default `afterindent=bysign'
(scrartcl)           for `\subsection on input line 4813.
\scr@dte@subsubsection@maxnumwidth=\skip56
Class scrartcl Info: using compatibility default `runin=bysign'
(scrartcl)           for `\subsubsection on input line 4823.
Class scrartcl Info: using compatibility default `afterindent=bysign'
(scrartcl)           for `\subsubsection on input line 4823.
\scr@dte@paragraph@maxnumwidth=\skip57
Class scrartcl Info: using compatibility default `runin=bysign'
(scrartcl)           for `\paragraph on input line 4834.
Class scrartcl Info: using compatibility default `afterindent=bysign'
(scrartcl)           for `\paragraph on input line 4834.
\scr@dte@subparagraph@maxnumwidth=\skip58
Class scrartcl Info: using compatibility default `runin=bysign'
(scrartcl)           for `\subparagraph on input line 4844.
Class scrartcl Info: using compatibility default `afterindent=bysign'
(scrartcl)           for `\subparagraph on input line 4844.
\abovecaptionskip=\skip59
\belowcaptionskip=\skip60
\c@pti@nb@sid@b@x=\box48
Package tocbasic Info: babel extension for `lof' omitted
(tocbasic)             because of missing \bbl@set@language on input line 6076.

\scr@dte@figure@maxnumwidth=\skip61
\c@figure=\count184
Package tocbasic Info: babel extension for `lot' omitted
(tocbasic)             because of missing \bbl@set@language on input line 6088.

\scr@dte@table@maxnumwidth=\skip62
\c@table=\count185
Class scrartcl Info: Redefining `\numberline' on input line 6252.
\bibindent=\dimen138
)
(C:\Users\donnykong\AppData\Local\Programs\MiKTeX\tex/latex/base\inputenc.sty
Package: inputenc 2020/08/01 v1.3d Input encoding file
\inpenc@prehook=\toks16
\inpenc@posthook=\toks17
)
(C:\Users\donnykong\AppData\Local\Programs\MiKTeX\tex/latex/base\fontenc.sty
Package: fontenc 2020/08/10 v2.0s Standard LaTeX package
)
(C:\Users\donnykong\AppData\Local\Programs\MiKTeX\tex/generic/babel\babel.sty
Package: babel 2020/10/27 3.51 The Babel package

(C:\Users\donnykong\AppData\Local\Programs\MiKTeX\tex/generic/babel\babel.def
File: babel.def 2020/10/27 3.51 Babel common definitions
\babel@savecnt=\count186
\U@D=\dimen139
\l@babelnohyphens=\language79

(C:\Users\donnykong\AppData\Local\Programs\MiKTeX\tex/generic/babel\txtbabel.de
f)
\bbl@readstream=\read2
)
\bbl@dirlevel=\count187

*************************************
* Local config file bblopts.cfg used
*
(C:\Users\donnykong\AppData\Local\Programs\MiKTeX\tex/latex/arabi\bblopts.cfg
File: bblopts.cfg 2005/09/08 v0.1 add Arabic and Farsi to "declared" options of
 babel
)
(C:\Users\donnykong\AppData\Local\Programs\MiKTeX\tex/latex/babel-english\briti
sh.ldf
Language: british 2017/06/06 v3.3r English support from the babel system

(C:\Users\donnykong\AppData\Local\Programs\MiKTeX\tex/latex/babel-english\engli
sh.ldf
Language: english 2017/06/06 v3.3r English support from the babel system
Package babel Info: \l@canadian = using hyphenrules for english
(babel)             (\language0) on input line 102.
Package babel Info: \l@australian = using hyphenrules for ukenglish
(babel)             (\language73) on input line 105.
Package babel Info: \l@newzealand = using hyphenrules for ukenglish
(babel)             (\language73) on input line 108.
))
(C:\Users\donnykong\AppData\Local\Programs\MiKTeX\tex/latex/babel-english\UKeng
lish.ldf
Language: UKenglish 2017/06/06 v3.3r English support from the babel system

(C:\Users\donnykong\AppData\Local\Programs\MiKTeX\tex/latex/babel-english\engli
sh.ldf
Language: english 2017/06/06 v3.3r English support from the babel system
))
(C:\Users\donnykong\AppData\Local\Programs\MiKTeX\tex/latex/babel-english\USeng
lish.ldf
Language: USenglish 2017/06/06 v3.3r English support from the babel system

(C:\Users\donnykong\AppData\Local\Programs\MiKTeX\tex/latex/babel-english\engli
sh.ldf
Language: english 2017/06/06 v3.3r English support from the babel system
))
(C:\Users\donnykong\AppData\Local\Programs\MiKTeX\tex/latex/babel-english\ameri
can.ldf
Language: american 2017/06/06 v3.3r English support from the babel system

(C:\Users\donnykong\AppData\Local\Programs\MiKTeX\tex/latex/babel-english\engli
sh.ldf
Language: english 2017/06/06 v3.3r English support from the babel system
)))
(C:\Users\donnykong\AppData\Local\Programs\MiKTeX\tex/latex/bbm\bbm.sty
Package: bbm 1999/03/15 V 1.2 provides fonts for set symbols - TH
LaTeX Font Info:    Overwriting math alphabet `\mathbbm' in version `bold'
(Font)                  U/bbm/m/n --> U/bbm/bx/n on input line 33.
LaTeX Font Info:    Overwriting math alphabet `\mathbbmss' in version `bold'
(Font)                  U/bbmss/m/n --> U/bbmss/bx/n on input line 35.
)
(C:\Users\donnykong\AppData\Local\Programs\MiKTeX\tex/latex/hyperref\hyperref.s
ty
Package: hyperref 2020-05-15 v7.00e Hypertext links for LaTeX

(C:\Users\donnykong\AppData\Local\Programs\MiKTeX\tex/generic/ltxcmds\ltxcmds.s
ty
Package: ltxcmds 2020-05-10 v1.25 LaTeX kernel commands for general use (HO)
)
(C:\Users\donnykong\AppData\Local\Programs\MiKTeX\tex/generic/iftex\iftex.sty
Package: iftex 2020/03/06 v1.0d TeX engine tests
)
(C:\Users\donnykong\AppData\Local\Programs\MiKTeX\tex/generic/pdftexcmds\pdftex
cmds.sty
Package: pdftexcmds 2020-06-27 v0.33 Utility functions of pdfTeX for LuaTeX (HO
)

(C:\Users\donnykong\AppData\Local\Programs\MiKTeX\tex/generic/infwarerr\infware
rr.sty
Package: infwarerr 2019/12/03 v1.5 Providing info/warning/error messages (HO)
)
Package pdftexcmds Info: \pdf@primitive is available.
Package pdftexcmds Info: \pdf@ifprimitive is available.
Package pdftexcmds Info: \pdfdraftmode found.
)
(C:\Users\donnykong\AppData\Local\Programs\MiKTeX\tex/generic/kvsetkeys\kvsetke
ys.sty
Package: kvsetkeys 2019/12/15 v1.18 Key value parser (HO)
)
(C:\Users\donnykong\AppData\Local\Programs\MiKTeX\tex/generic/kvdefinekeys\kvde
finekeys.sty
Package: kvdefinekeys 2019-12-19 v1.6 Define keys (HO)
)
(C:\Users\donnykong\AppData\Local\Programs\MiKTeX\tex/generic/pdfescape\pdfesca
pe.sty
Package: pdfescape 2019/12/09 v1.15 Implements pdfTeX's escape features (HO)
)
(C:\Users\donnykong\AppData\Local\Programs\MiKTeX\tex/latex/hycolor\hycolor.sty
Package: hycolor 2020-01-27 v1.10 Color options for hyperref/bookmark (HO)
)
(C:\Users\donnykong\AppData\Local\Programs\MiKTeX\tex/latex/letltxmacro\letltxm
acro.sty
Package: letltxmacro 2019/12/03 v1.6 Let assignment for LaTeX macros (HO)
)
(C:\Users\donnykong\AppData\Local\Programs\MiKTeX\tex/latex/auxhook\auxhook.sty
Package: auxhook 2019-12-17 v1.6 Hooks for auxiliary files (HO)
)
(C:\Users\donnykong\AppData\Local\Programs\MiKTeX\tex/latex/kvoptions\kvoptions
.sty
Package: kvoptions 2020-10-07 v3.14 Key value format for package options (HO)
)
\@linkdim=\dimen140
\Hy@linkcounter=\count188
\Hy@pagecounter=\count189

(C:\Users\donnykong\AppData\Local\Programs\MiKTeX\tex/latex/hyperref\pd1enc.def
File: pd1enc.def 2020-05-15 v7.00e Hyperref: PDFDocEncoding definition (HO)
Now handling font encoding PD1 ...
... no UTF-8 mapping file for font encoding PD1
)
(C:\Users\donnykong\AppData\Local\Programs\MiKTeX\tex/generic/intcalc\intcalc.s
ty
Package: intcalc 2019/12/15 v1.3 Expandable calculations with integers (HO)
)
(C:\Users\donnykong\AppData\Local\Programs\MiKTeX\tex/generic/etexcmds\etexcmds
.sty
Package: etexcmds 2019/12/15 v1.7 Avoid name clashes with e-TeX commands (HO)
)
\Hy@SavedSpaceFactor=\count190
Package hyperref Info: Hyper figures OFF on input line 4464.
Package hyperref Info: Link nesting OFF on input line 4469.
Package hyperref Info: Hyper index ON on input line 4472.
Package hyperref Info: Plain pages OFF on input line 4479.
Package hyperref Info: Backreferencing OFF on input line 4484.
Package hyperref Info: Implicit mode ON; LaTeX internals redefined.
Package hyperref Info: Bookmarks ON on input line 4717.
\c@Hy@tempcnt=\count191
 (C:\Users\donnykong\AppData\Local\Programs\MiKTeX\tex/latex/url\url.sty
\Urlmuskip=\muskip16
Package: url 2013/09/16  ver 3.4  Verb mode for urls, etc.
)
LaTeX Info: Redefining \url on input line 5076.
\XeTeXLinkMargin=\dimen141

(C:\Users\donnykong\AppData\Local\Programs\MiKTeX\tex/generic/bitset\bitset.sty
Package: bitset 2019/12/09 v1.3 Handle bit-vector datatype (HO)

(C:\Users\donnykong\AppData\Local\Programs\MiKTeX\tex/generic/bigintcalc\bigint
calc.sty
Package: bigintcalc 2019/12/15 v1.5 Expandable calculations on big integers (HO
)
))
\Fld@menulength=\count192
\Field@Width=\dimen142
\Fld@charsize=\dimen143
Package hyperref Info: Hyper figures OFF on input line 6347.
Package hyperref Info: Link nesting OFF on input line 6352.
Package hyperref Info: Hyper index ON on input line 6355.
Package hyperref Info: backreferencing OFF on input line 6362.
Package hyperref Info: Link coloring OFF on input line 6367.
Package hyperref Info: Link coloring with OCG OFF on input line 6372.
Package hyperref Info: PDF/A mode OFF on input line 6377.
LaTeX Info: Redefining \ref on input line 6417.
LaTeX Info: Redefining \pageref on input line 6421.

(C:\Users\donnykong\AppData\Local\Programs\MiKTeX\tex/latex/base\atbegshi-ltx.s
ty
Package: atbegshi-ltx 2020/08/17 v1.0a Emulation of the original atbegshi packa
ge
with kernel methods
)
\Hy@abspage=\count193
\c@Item=\count194
\c@Hfootnote=\count195
)
Package hyperref Info: Driver (autodetected): hpdftex.

(C:\Users\donnykong\AppData\Local\Programs\MiKTeX\tex/latex/hyperref\hpdftex.de
f
File: hpdftex.def 2020-05-15 v7.00e Hyperref driver for pdfTeX

(C:\Users\donnykong\AppData\Local\Programs\MiKTeX\tex/latex/base\atveryend-ltx.
sty
Package: atveryend-ltx 2020/08/19 v1.0a Emulation of the original atvery packag
e
with kernel methods
)
\Fld@listcount=\count196
\c@bookmark@seq@number=\count197

(C:\Users\donnykong\AppData\Local\Programs\MiKTeX\tex/latex/rerunfilecheck\reru
nfilecheck.sty
Package: rerunfilecheck 2019/12/05 v1.9 Rerun checks for auxiliary files (HO)

(C:\Users\donnykong\AppData\Local\Programs\MiKTeX\tex/generic/uniquecounter\uni
quecounter.sty
Package: uniquecounter 2019/12/15 v1.4 Provide unlimited unique counter (HO)
)
Package uniquecounter Info: New unique counter `rerunfilecheck' on input line 2
86.
)
\Hy@SectionHShift=\skip63
)
(C:\Users\donnykong\AppData\Local\Programs\MiKTeX\tex/latex/graphics\graphicx.s
ty
Package: graphicx 2020/09/09 v1.2b Enhanced LaTeX Graphics (DPC,SPQR)

(C:\Users\donnykong\AppData\Local\Programs\MiKTeX\tex/latex/graphics\graphics.s
ty
Package: graphics 2020/08/30 v1.4c Standard LaTeX Graphics (DPC,SPQR)

(C:\Users\donnykong\AppData\Local\Programs\MiKTeX\tex/latex/graphics\trig.sty
Package: trig 2016/01/03 v1.10 sin cos tan (DPC)
)
(C:\Users\donnykong\AppData\Local\Programs\MiKTeX\tex/latex/graphics-cfg\graphi
cs.cfg
File: graphics.cfg 2016/06/04 v1.11 sample graphics configuration
)
Package graphics Info: Driver file: pdftex.def on input line 105.

(C:\Users\donnykong\AppData\Local\Programs\MiKTeX\tex/latex/graphics-def\pdftex
.def
File: pdftex.def 2020/10/05 v1.2a Graphics/color driver for pdftex
))
\Gin@req@height=\dimen144
\Gin@req@width=\dimen145
)
(C:\Users\donnykong\AppData\Local\Programs\MiKTeX\tex/latex/caption\subcaption.
sty
Package: subcaption 2020/10/07 v1.3j Sub-captions (AR)

(C:\Users\donnykong\AppData\Local\Programs\MiKTeX\tex/latex/caption\caption.sty
Package: caption 2020/10/26 v3.5g Customizing captions (AR)

(C:\Users\donnykong\AppData\Local\Programs\MiKTeX\tex/latex/caption\caption3.st
y
Package: caption3 2020/10/21 v2.2e caption3 kernel (AR)
\captionmargin=\dimen146
\captionmargin@=\dimen147
\captionwidth=\dimen148
\caption@tempdima=\dimen149
\caption@indent=\dimen150
\caption@parindent=\dimen151
\caption@hangindent=\dimen152
Package caption Info: KOMA-Script document class detected.

(C:\Users\donnykong\AppData\Local\Programs\MiKTeX\tex/latex/caption\caption-kom
a.sto
File: caption-koma.sto 2020/09/21 v2.0b Adaption of the caption package to the 
KOMA-Script document classes (AR)
))
\c@caption@flags=\count198
\c@continuedfloat=\count199
Package caption Info: hyperref package is loaded.
)
\c@subfigure=\count266
\c@subtable=\count267
)
(C:\Users\donnykong\AppData\Local\Programs\MiKTeX\tex/latex/base\latexsym.sty
Package: latexsym 1998/08/17 v2.2e Standard LaTeX package (lasy symbols)
\symlasy=\mathgroup4
LaTeX Font Info:    Overwriting symbol font `lasy' in version `bold'
(Font)                  U/lasy/m/n --> U/lasy/b/n on input line 52.
)
(C:\Users\donnykong\AppData\Local\Programs\MiKTeX\tex/latex/amsmath\amsmath.sty
Package: amsmath 2020/09/23 v2.17i AMS math features
\@mathmargin=\skip64
For additional information on amsmath, use the `?' option.

(C:\Users\donnykong\AppData\Local\Programs\MiKTeX\tex/latex/amsmath\amstext.sty
Package: amstext 2000/06/29 v2.01 AMS text
(C:\Users\donnykong\AppData\Local\Programs\MiKTeX\tex/latex/amsmath\amsgen.sty
File: amsgen.sty 1999/11/30 v2.0 generic functions
\@emptytoks=\toks18
\ex@=\dimen153
))
(C:\Users\donnykong\AppData\Local\Programs\MiKTeX\tex/latex/amsmath\amsbsy.sty
Package: amsbsy 1999/11/29 v1.2d Bold Symbols
\pmbraise@=\dimen154
) (C:\Users\donnykong\AppData\Local\Programs\MiKTeX\tex/latex/amsmath\amsopn.st
y
Package: amsopn 2016/03/08 v2.02 operator names
)
\inf@bad=\count268
LaTeX Info: Redefining \frac on input line 234.
\uproot@=\count269
\leftroot@=\count270
LaTeX Info: Redefining \overline on input line 399.
\classnum@=\count271
\DOTSCASE@=\count272
LaTeX Info: Redefining \ldots on input line 496.
LaTeX Info: Redefining \dots on input line 499.
LaTeX Info: Redefining \cdots on input line 620.
\Mathstrutbox@=\box49
\strutbox@=\box50
\big@size=\dimen155
LaTeX Font Info:    Redeclaring font encoding OML on input line 743.
LaTeX Font Info:    Redeclaring font encoding OMS on input line 744.
\macc@depth=\count273
\c@MaxMatrixCols=\count274
\dotsspace@=\muskip17
\c@parentequation=\count275
\dspbrk@lvl=\count276
\tag@help=\toks19
\row@=\count277
\column@=\count278
\maxfields@=\count279
\andhelp@=\toks20
\eqnshift@=\dimen156
\alignsep@=\dimen157
\tagshift@=\dimen158
\tagwidth@=\dimen159
\totwidth@=\dimen160
\lineht@=\dimen161
\@envbody=\toks21
\multlinegap=\skip65
\multlinetaggap=\skip66
\mathdisplay@stack=\toks22
LaTeX Info: Redefining \[ on input line 2923.
LaTeX Info: Redefining \] on input line 2924.
)
(C:\Users\donnykong\AppData\Local\Programs\MiKTeX\tex/latex/amsfonts\amssymb.st
y
Package: amssymb 2013/01/14 v3.01 AMS font symbols

(C:\Users\donnykong\AppData\Local\Programs\MiKTeX\tex/latex/amsfonts\amsfonts.s
ty
Package: amsfonts 2013/01/14 v3.01 Basic AMSFonts support
\symAMSa=\mathgroup5
\symAMSb=\mathgroup6
LaTeX Font Info:    Redeclaring math symbol \hbar on input line 98.
LaTeX Font Info:    Overwriting math alphabet `\mathfrak' in version `bold'
(Font)                  U/euf/m/n --> U/euf/b/n on input line 106.
))
(C:\Users\donnykong\AppData\Local\Programs\MiKTeX\tex/latex/amscls\amsthm.sty
Package: amsthm 2020/05/29 v2.20.6
\thm@style=\toks23
\thm@bodyfont=\toks24
\thm@headfont=\toks25
\thm@notefont=\toks26
\thm@headpunct=\toks27
\thm@preskip=\skip67
\thm@postskip=\skip68
\thm@headsep=\skip69
\dth@everypar=\toks28
)
(C:\Users\donnykong\AppData\Local\Programs\MiKTeX\tex/latex/xpatch\xpatch.sty
(C:\Users\donnykong\AppData\Local\Programs\MiKTeX\tex/latex/l3kernel\expl3.sty
Package: expl3 2020-12-07 L3 programming layer (loader) 

(C:\Users\donnykong\AppData\Local\Programs\MiKTeX\tex/latex/l3backend\l3backend
-pdftex.def
File: l3backend-pdftex.def 2020-09-24 L3 backend support: PDF output (pdfTeX)
\l__kernel_color_stack_int=\count280
\l__pdf_internal_box=\box51
))
Package: xpatch 2020/03/25 v0.3a Extending etoolbox patching commands

(C:\Users\donnykong\AppData\Local\Programs\MiKTeX\tex/latex/l3packages/xparse\x
parse.sty
Package: xparse 2020-10-27 L3 Experimental document command parser

(C:\Users\donnykong\AppData\Local\Programs\MiKTeX\tex/latex/l3packages/xparse\x
parse-generic.tex))
(C:\Users\donnykong\AppData\Local\Programs\MiKTeX\tex/latex/etoolbox\etoolbox.s
ty
Package: etoolbox 2020/10/05 v2.5k e-TeX tools for LaTeX (JAW)
\etb@tempcnta=\count281
))
Class scrartcl Info: amsthm's \deferred@thm@head patched.

(C:\Users\donnykong\AppData\Local\Programs\MiKTeX\tex/latex/doublestroke\dsfont
.sty
Package: dsfont 1995/08/01 v0.1 Double stroke roman fonts
)
(C:\Users\donnykong\AppData\Local\Programs\MiKTeX\tex/latex/psnfss\pifont.sty
Package: pifont 2020/03/25 PSNFSS-v9.3 Pi font support (SPQR) 
LaTeX Font Info:    Trying to load font information for U+pzd on input line 63.


(C:\Users\donnykong\AppData\Local\Programs\MiKTeX\tex/latex/psnfss\upzd.fd
File: upzd.fd 2001/06/04 font definitions for U/pzd.
)
LaTeX Font Info:    Trying to load font information for U+psy on input line 64.


(C:\Users\donnykong\AppData\Local\Programs\MiKTeX\tex/latex/psnfss\upsy.fd
File: upsy.fd 2001/06/04 font definitions for U/psy.
))
(C:\Users\donnykong\AppData\Local\Programs\MiKTeX\tex/latex/units\nicefrac.sty
Package: nicefrac 1998/08/04 v0.9b Nice fractions
\L@UnitsRaiseDisplaystyle=\skip70
\L@UnitsRaiseTextstyle=\skip71
\L@UnitsRaiseScriptstyle=\skip72

(C:\Users\donnykong\AppData\Local\Programs\MiKTeX\tex/latex/base\ifthen.sty
Package: ifthen 2014/09/29 v1.1c Standard LaTeX ifthen package (DPC)
))
(C:\Users\donnykong\AppData\Local\Programs\MiKTeX\tex/latex/base\textcomp.sty
Package: textcomp 2020/02/02 v2.0n Standard LaTeX package
)
(C:\Users\donnykong\AppData\Local\Programs\MiKTeX\tex/latex/enumitem\enumitem.s
ty
Package: enumitem 2019/06/20 v3.9 Customized lists
\labelindent=\skip73
\enit@outerparindent=\dimen162
\enit@toks=\toks29
\enit@inbox=\box52
\enit@count@id=\count282
\enitdp@description=\count283
) (C:\Users\donnykong\AppData\Local\Programs\MiKTeX\tex/latex/lm\lmodern.sty
Package: lmodern 2009/10/30 v1.6 Latin Modern Fonts
LaTeX Font Info:    Overwriting symbol font `operators' in version `normal'
(Font)                  OT1/cmr/m/n --> OT1/lmr/m/n on input line 22.
LaTeX Font Info:    Overwriting symbol font `letters' in version `normal'
(Font)                  OML/cmm/m/it --> OML/lmm/m/it on input line 23.
LaTeX Font Info:    Overwriting symbol font `symbols' in version `normal'
(Font)                  OMS/cmsy/m/n --> OMS/lmsy/m/n on input line 24.
LaTeX Font Info:    Overwriting symbol font `largesymbols' in version `normal'
(Font)                  OMX/cmex/m/n --> OMX/lmex/m/n on input line 25.
LaTeX Font Info:    Overwriting symbol font `operators' in version `bold'
(Font)                  OT1/cmr/bx/n --> OT1/lmr/bx/n on input line 26.
LaTeX Font Info:    Overwriting symbol font `letters' in version `bold'
(Font)                  OML/cmm/b/it --> OML/lmm/b/it on input line 27.
LaTeX Font Info:    Overwriting symbol font `symbols' in version `bold'
(Font)                  OMS/cmsy/b/n --> OMS/lmsy/b/n on input line 28.
LaTeX Font Info:    Overwriting symbol font `largesymbols' in version `bold'
(Font)                  OMX/cmex/m/n --> OMX/lmex/m/n on input line 29.
LaTeX Font Info:    Overwriting math alphabet `\mathbf' in version `normal'
(Font)                  OT1/cmr/bx/n --> OT1/lmr/bx/n on input line 31.
LaTeX Font Info:    Overwriting math alphabet `\mathsf' in version `normal'
(Font)                  OT1/cmss/m/n --> OT1/lmss/m/n on input line 32.
LaTeX Font Info:    Overwriting math alphabet `\mathit' in version `normal'
(Font)                  OT1/cmr/m/it --> OT1/lmr/m/it on input line 33.
LaTeX Font Info:    Overwriting math alphabet `\mathtt' in version `normal'
(Font)                  OT1/cmtt/m/n --> OT1/lmtt/m/n on input line 34.
LaTeX Font Info:    Overwriting math alphabet `\mathbf' in version `bold'
(Font)                  OT1/cmr/bx/n --> OT1/lmr/bx/n on input line 35.
LaTeX Font Info:    Overwriting math alphabet `\mathsf' in version `bold'
(Font)                  OT1/cmss/bx/n --> OT1/lmss/bx/n on input line 36.
LaTeX Font Info:    Overwriting math alphabet `\mathit' in version `bold'
(Font)                  OT1/cmr/bx/it --> OT1/lmr/bx/it on input line 37.
LaTeX Font Info:    Overwriting math alphabet `\mathtt' in version `bold'
(Font)                  OT1/cmtt/m/n --> OT1/lmtt/m/n on input line 38.
)
(C:\Users\donnykong\AppData\Local\Programs\MiKTeX\tex/latex/fancyvrb\fancyvrb.s
ty
Package: fancyvrb 2021/01/20 v3.7 verbatim text (tvz,hv)
\FV@CodeLineNo=\count284
\FV@InFile=\read3
\FV@TabBox=\box53
\c@FancyVerbLine=\count285
\FV@StepNumber=\count286
\FV@OutFile=\write3
)
\c@example=\count287
\c@theorem=\count288
\c@corollary=\count289
\c@lemma=\count290
\c@definition=\count291
\c@proposition=\count292
\c@algorithm=\count293
\c@prop=\count294
\c@remark=\count295
\c@pro=\count296
\c@comment=\count297
\c@conjecture=\count298
LaTeX Font Info:    Trying to load font information for T1+lmr on input line 68
.
 (C:\Users\donnykong\AppData\Local\Programs\MiKTeX\tex/latex/lm\t1lmr.fd
File: t1lmr.fd 2009/10/30 v1.6 Font defs for Latin Modern
)
(masterarbeit.aux)
\openout1 = `masterarbeit.aux'.

LaTeX Font Info:    Checking defaults for OML/cmm/m/it on input line 68.
LaTeX Font Info:    ... okay on input line 68.
LaTeX Font Info:    Checking defaults for OMS/cmsy/m/n on input line 68.
LaTeX Font Info:    ... okay on input line 68.
LaTeX Font Info:    Checking defaults for OT1/cmr/m/n on input line 68.
LaTeX Font Info:    ... okay on input line 68.
LaTeX Font Info:    Checking defaults for T1/cmr/m/n on input line 68.
LaTeX Font Info:    ... okay on input line 68.
LaTeX Font Info:    Checking defaults for TS1/cmr/m/n on input line 68.
LaTeX Font Info:    ... okay on input line 68.
LaTeX Font Info:    Checking defaults for OMX/cmex/m/n on input line 68.
LaTeX Font Info:    ... okay on input line 68.
LaTeX Font Info:    Checking defaults for U/cmr/m/n on input line 68.
LaTeX Font Info:    ... okay on input line 68.
LaTeX Font Info:    Checking defaults for PD1/pdf/m/n on input line 68.
LaTeX Font Info:    ... okay on input line 68.
Package scrbase Info: activating american \contentsname on input line 68.
Package scrbase Info: activating american \listfigurename on input line 68.
Package scrbase Info: activating american \listtablename on input line 68.
Package hyperref Info: Link coloring OFF on input line 68.

(C:\Users\donnykong\AppData\Local\Programs\MiKTeX\tex/latex/hyperref\nameref.st
y
Package: nameref 2019/09/16 v2.46 Cross-referencing by name of section

(C:\Users\donnykong\AppData\Local\Programs\MiKTeX\tex/latex/refcount\refcount.s
ty
Package: refcount 2019/12/15 v3.6 Data extraction from label references (HO)
)
(C:\Users\donnykong\AppData\Local\Programs\MiKTeX\tex/generic/gettitlestring\ge
ttitlestring.sty
Package: gettitlestring 2019/12/15 v1.6 Cleanup title references (HO)
)
\c@section@level=\count299
)
LaTeX Info: Redefining \ref on input line 68.
LaTeX Info: Redefining \pageref on input line 68.
LaTeX Info: Redefining \nameref on input line 68.
 (masterarbeit.out) (masterarbeit.out)
\@outlinefile=\write4
\openout4 = `masterarbeit.out'.

Class scrartcl Info: loading recommended package `bookmark'.
(scrartcl)           Using `bookmark' together with `hyperref' is recommended,
(scrartcl)           because of handling of possible bookmark level gaps.
(scrartcl)           You can avoid loading `bookmark' with KOMA-Script option
(scrartcl)           `bookmarkpackage=false' before \begin{document} and
(scrartcl)           you can avoid this message adding:
(scrartcl)             \usepackage{bookmark}
(scrartcl)           before \begin{document} on input line 68.

(C:\Users\donnykong\AppData\Local\Programs\MiKTeX\tex/latex/bookmark\bookmark.s
ty
Package: bookmark 2020-11-06 v1.29 PDF bookmarks (HO)

(C:\Users\donnykong\AppData\Local\Programs\MiKTeX\tex/latex/bookmark\bkm-pdftex
.def
File: bkm-pdftex.def 2020-11-06 v1.29 bookmark driver for pdfTeX (HO)
\BKM@id=\count300
))
(C:\Users\donnykong\AppData\Local\Programs\MiKTeX\tex/context/base/mkii\supp-pd
f.mkii
[Loading MPS to PDF converter (version 2006.09.02).]
\scratchcounter=\count301
\scratchdimen=\dimen163
\scratchbox=\box54
\nofMPsegments=\count302
\nofMParguments=\count303
\everyMPshowfont=\toks30
\MPscratchCnt=\count304
\MPscratchDim=\dimen164
\MPnumerator=\count305
\makeMPintoPDFobject=\count306
\everyMPtoPDFconversion=\toks31
)
(C:\Users\donnykong\AppData\Local\Programs\MiKTeX\tex/latex/epstopdf-pkg\epstop
df-base.sty
Package: epstopdf-base 2020-01-24 v2.11 Base part for package epstopdf
Package epstopdf-base Info: Redefining graphics rule for `.eps' on input line 4
85.
)
Package caption Info: Begin \AtBeginDocument code.
Package caption Info: End \AtBeginDocument code.
<images/kit-logo.jpg, id=3, 199.7061pt x 91.3011pt>
File: images/kit-logo.jpg Graphic file (type jpg)
<use images/kit-logo.jpg>
Package pdftex.def Info: images/kit-logo.jpg  used on input line 73.
(pdftex.def)             Requested size: 89.86691pt x 41.08511pt.
 [1

{C:/Users/donnykong/AppData/Local/MiKTeX/pdftex/config/pdftex.map} <./images/ki
t-logo.jpg>] [2]
LaTeX Font Info:    Trying to load font information for T1+lmss on input line 1
02.

(C:\Users\donnykong\AppData\Local\Programs\MiKTeX\tex/latex/lm\t1lmss.fd
File: t1lmss.fd 2009/10/30 v1.6 Font defs for Latin Modern
)
(masterarbeit.toc
LaTeX Font Info:    Trying to load font information for OT1+lmr on input line 4
.

(C:\Users\donnykong\AppData\Local\Programs\MiKTeX\tex/latex/lm\ot1lmr.fd
File: ot1lmr.fd 2009/10/30 v1.6 Font defs for Latin Modern
)
LaTeX Font Info:    Trying to load font information for OML+lmm on input line 4
.

(C:\Users\donnykong\AppData\Local\Programs\MiKTeX\tex/latex/lm\omllmm.fd
File: omllmm.fd 2009/10/30 v1.6 Font defs for Latin Modern
)
LaTeX Font Info:    Trying to load font information for OMS+lmsy on input line 
4.

(C:\Users\donnykong\AppData\Local\Programs\MiKTeX\tex/latex/lm\omslmsy.fd
File: omslmsy.fd 2009/10/30 v1.6 Font defs for Latin Modern
)
LaTeX Font Info:    Trying to load font information for OMX+lmex on input line 
4.

(C:\Users\donnykong\AppData\Local\Programs\MiKTeX\tex/latex/lm\omxlmex.fd
File: omxlmex.fd 2009/10/30 v1.6 Font defs for Latin Modern
)
LaTeX Font Info:    External font `lmex10' loaded for size
(Font)              <12> on input line 4.
LaTeX Font Info:    External font `lmex10' loaded for size
(Font)              <8> on input line 4.
LaTeX Font Info:    External font `lmex10' loaded for size
(Font)              <6> on input line 4.
LaTeX Font Info:    Trying to load font information for U+lasy on input line 4.


(C:\Users\donnykong\AppData\Local\Programs\MiKTeX\tex/latex/base\ulasy.fd
File: ulasy.fd 1998/08/17 v2.2e LaTeX symbol font definitions
)
LaTeX Font Info:    Trying to load font information for U+msa on input line 4.

(C:\Users\donnykong\AppData\Local\Programs\MiKTeX\tex/latex/amsfonts\umsa.fd
File: umsa.fd 2013/01/14 v3.01 AMS symbols A
)
LaTeX Font Info:    Trying to load font information for U+msb on input line 4.

(C:\Users\donnykong\AppData\Local\Programs\MiKTeX\tex/latex/amsfonts\umsb.fd
File: umsb.fd 2013/01/14 v3.01 AMS symbols B
))
\tf@toc=\write5
\openout5 = `masterarbeit.toc'.

pdfTeX warning (ext4): destination with the same identifier (name{page.1}) has 
been already used, duplicate ignored
<to be read again> 
                   \relax 
l.109 \newpage
               [1]
Underfull \hbox (badness 10000) in paragraph at lines 112--113

 []


Underfull \hbox (badness 10000) in paragraph at lines 114--115

 []


Underfull \hbox (badness 10000) in paragraph at lines 116--117

 []


Underfull \hbox (badness 10000) in paragraph at lines 118--119

 []


Underfull \hbox (badness 10000) in paragraph at lines 120--121

 []

pdfTeX warning (ext4): destination with the same identifier (name{page.2}) has 
been already used, duplicate ignored
<to be read again> 
                   \relax 
l.121 	
        [2]
<images/display.jpg, id=97, 4183.63pt x 3693.8pt>
File: images/display.jpg Graphic file (type jpg)
<use images/display.jpg>
Package pdftex.def Info: images/display.jpg  used on input line 127.
(pdftex.def)             Requested size: 193.29834pt x 170.71652pt.
<images/display2.jpg, id=98, 2320.67pt x 1581.91pt>
File: images/display2.jpg Graphic file (type jpg)
<use images/display2.jpg>
Package pdftex.def Info: images/display2.jpg  used on input line 131.
(pdftex.def)             Requested size: 208.67424pt x 142.26378pt.


LaTeX Warning: No positions in optional float specifier.
               Default added (so using `tbp') on input line 140.

<images/snowflake.png, id=101, 3907.59875pt x 3336.465pt>
File: images/snowflake.png Graphic file (type png)
<use images/snowflake.png>
Package pdftex.def Info: images/snowflake.png  used on input line 143.
(pdftex.def)             Requested size: 199.92288pt x 170.71652pt.
<images/glass-break.jpg, id=102, 1284.8pt x 855.195pt>
File: images/glass-break.jpg Graphic file (type jpg)
<use images/glass-break.jpg>
Package pdftex.def Info: images/glass-break.jpg  used on input line 147.
(pdftex.def)             Requested size: 213.72765pt x 142.26378pt.
[3] [4 <./images/display.jpg> <./images/display2.jpg> <./images/snowflake.png> 
<./images/glass-break.jpg>] [5] [6] [7] [8] [9]
LaTeX Font Info:    Trying to load font information for U+bbm on input line 370
.

(C:\Users\donnykong\AppData\Local\Programs\MiKTeX\tex/latex/bbm\ubbm.fd
File: ubbm.fd 1999/03/15 V 1.2 Font definition for bbm font - TH
)
[10]
<images/geogebra-images/neuseeland-squares.png, id=171, 2028.07687pt x 814.5431
2pt>
File: images/geogebra-images/neuseeland-squares.png Graphic file (type png)
<use images/geogebra-images/neuseeland-squares.png>
Package pdftex.def Info: images/geogebra-images/neuseeland-squares.png  used on
 input line 426.
(pdftex.def)             Requested size: 460.47531pt x 184.9429pt.

Overfull \hbox (12.34436pt too wide) in paragraph at lines 426--427
 [][] 
 []

[11] [12 <./images/geogebra-images/neuseeland-squares.png>] [13]
Underfull \hbox (badness 10000) in paragraph at lines 496--497

 []


LaTeX Warning: No positions in optional float specifier.
               Default added (so using `tbp') on input line 518.

<images/fractal_range/5.png, id=215, 189.70876pt x 181.42781pt>
File: images/fractal_range/5.png Graphic file (type png)
<use images/fractal_range/5.png>
Package pdftex.def Info: images/fractal_range/5.png  used on input line 520.
(pdftex.def)             Requested size: 178.5115pt x 170.71652pt.
[14] [15 <./images/fractal_range/5.png>] [16] [17]
Underfull \hbox (badness 10000) in paragraph at lines 719--721

 []

[18]
Overfull \hbox (5.85066pt too wide) detected at line 729
[]
 []


Underfull \hbox (badness 10000) in paragraph at lines 741--744

 []

[19]
Underfull \hbox (badness 10000) in paragraph at lines 758--761

 []


Underfull \hbox (badness 10000) in paragraph at lines 792--795

 []

[20] [21]
Underfull \hbox (badness 10000) in paragraph at lines 854--857

 []

[22]
Underfull \hbox (badness 10000) in paragraph at lines 863--867

 []


Underfull \hbox (badness 10000) in paragraph at lines 863--867

 []

[23]

Package hyperref Warning: No autoref name for `lemma' on input line 922.

LaTeX Font Info:    External font `lmex10' loaded for size
(Font)              <14.4> on input line 929.
LaTeX Font Info:    External font `lmex10' loaded for size
(Font)              <10> on input line 929.
LaTeX Font Info:    External font `lmex10' loaded for size
(Font)              <7> on input line 929.

Package hyperref Warning: Token not allowed in a PDF string (PDFDocEncoding):
(hyperref)                removing `math shift' on input line 929.


Package hyperref Warning: Token not allowed in a PDF string (PDFDocEncoding):
(hyperref)                removing `superscript' on input line 929.


Package hyperref Warning: Token not allowed in a PDF string (PDFDocEncoding):
(hyperref)                removing `math shift' on input line 929.

[24] [25]
Underfull \hbox (badness 10000) in paragraph at lines 989--991

 []

[26]
LaTeX Font Info:    Trying to load font information for U+euf on input line 101
8.

(C:\Users\donnykong\AppData\Local\Programs\MiKTeX\tex/latex/amsfonts\ueuf.fd
File: ueuf.fd 2013/01/14 v3.01 Euler Fraktur
)
<images/geogebra-images/line-param.png, id=344, 283.04178pt x 205.20529pt>
File: images/geogebra-images/line-param.png Graphic file (type png)
<use images/geogebra-images/line-param.png>
Package pdftex.def Info: images/geogebra-images/line-param.png  used on input l
ine 1023.
(pdftex.def)             Requested size: 392.48108pt x 284.52756pt.


LaTeX Warning: No positions in optional float specifier.
               Default added (so using `tbp') on input line 1029.

<images/geogebra-images/line-hit-squares.png, id=345, 532.7027pt x 380.88243pt>

File: images/geogebra-images/line-hit-squares.png Graphic file (type png)
<use images/geogebra-images/line-hit-squares.png>
Package pdftex.def Info: images/geogebra-images/line-hit-squares.png  used on i
nput line 1032.
(pdftex.def)             Requested size: 219.58662pt x 157.00551pt.
<images/geogebra-images/line-hit-A.png, id=346, 615.9375pt x 422.73843pt>
File: images/geogebra-images/line-hit-A.png Graphic file (type png)
<use images/geogebra-images/line-hit-A.png>
Package pdftex.def Info: images/geogebra-images/line-hit-A.png  used on input l
ine 1035.
(pdftex.def)             Requested size: 219.58662pt x 150.70856pt.

Underfull \hbox (badness 10000) in paragraph at lines 1045--1049

 []

[27 <./images/geogebra-images/line-param.png>]
Underfull \hbox (badness 10000) in paragraph at lines 1080--1087

 []


Underfull \hbox (badness 10000) in paragraph at lines 1080--1087

 []


Underfull \hbox (badness 10000) in paragraph at lines 1080--1087

 []

[28 <./images/geogebra-images/line-hit-squares.png> <./images/geogebra-images/l
ine-hit-A.png>] [29] [30]

Package hyperref Warning: No autoref name for `lemma' on input line 1158.


Underfull \hbox (badness 10000) in paragraph at lines 1158--1161

 []


Underfull \hbox (badness 10000) in paragraph at lines 1158--1161

 []

<images/geogebra-images/circle-part-S.png, id=386, 426.79134pt x 309.42372pt>
File: images/geogebra-images/circle-part-S.png Graphic file (type png)
<use images/geogebra-images/circle-part-S.png>
Package pdftex.def Info: images/geogebra-images/circle-part-S.png  used on inpu
t line 1175.
(pdftex.def)             Requested size: 392.47046pt x 284.52756pt.

Underfull \hbox (badness 10000) in paragraph at lines 1179--1186

 []


Underfull \hbox (badness 10000) in paragraph at lines 1179--1186

 []


Underfull \hbox (badness 10000) in paragraph at lines 1179--1186

 []

[31]
<images/geogebra-images/T.png, id=394, 223.51546pt x 162.0487pt>
File: images/geogebra-images/T.png Graphic file (type png)
<use images/geogebra-images/T.png>
Package pdftex.def Info: images/geogebra-images/T.png  used on input line 1194.

(pdftex.def)             Requested size: 392.49141pt x 284.52756pt.
 [32 <./images/geogebra-images/circle-part-S.png>] [33 <./images/geogebra-image
s/T.png>]
Underfull \hbox (badness 10000) in paragraph at lines 1245--1248

 []

[34] [35] [36]
Overfull \hbox (3.2493pt too wide) in paragraph at lines 1368--1369
[]\T1/lmr/bx/n/12 Definition 5.3.1. $[]$ \T1/lmr/m/n/12 Let $\OML/lmm/m/it/12 A
 \OMS/lmsy/m/n/12 2 P[]$ \T1/lmr/m/n/12 and $\OML/lmm/m/it/12 K \OT1/lmr/m/n/12
 := [](\OML/lmm/m/it/12 sq\OT1/lmr/m/n/12 (\OML/lmm/m/it/12 A\OT1/lmr/m/n/12 ))
$\T1/lmr/m/n/12 .
 []

[37]

Package hyperref Warning: Token not allowed in a PDF string (PDFDocEncoding):
(hyperref)                removing `math shift' on input line 1418.


Package hyperref Warning: Token not allowed in a PDF string (PDFDocEncoding):
(hyperref)                removing `superscript' on input line 1418.


Package hyperref Warning: Token not allowed in a PDF string (PDFDocEncoding):
(hyperref)                removing `math shift' on input line 1418.

[38] [39]
Underfull \hbox (badness 10000) in paragraph at lines 1466--1470

 []


Underfull \hbox (badness 10000) in paragraph at lines 1466--1470

 []


Underfull \hbox (badness 10000) in paragraph at lines 1466--1470

 []

<images/code-snippets/parameters.png, id=473, 255.95625pt x 140.77594pt>
File: images/code-snippets/parameters.png Graphic file (type png)
<use images/code-snippets/parameters.png>
Package pdftex.def Info: images/code-snippets/parameters.png  used on input lin
e 1477.
(pdftex.def)             Requested size: 172.2709pt x 94.74773pt.

Underfull \hbox (badness 10000) in paragraph at lines 1474--1480

 []


Underfull \hbox (badness 10000) in paragraph at lines 1474--1480

 []


Underfull \hbox (badness 10000) in paragraph at lines 1474--1480

 []


Underfull \hbox (badness 10000) in paragraph at lines 1474--1480

 []

[40 <./images/code-snippets/parameters.png>]
<images/code-snippets/mainpy.png, id=479, 402.75468pt x 168.63pt>
File: images/code-snippets/mainpy.png Graphic file (type png)
<use images/code-snippets/mainpy.png>
Package pdftex.def Info: images/code-snippets/mainpy.png  used on input line 14
85.
(pdftex.def)             Requested size: 316.67934pt x 132.58994pt.
<images/code-snippets/initia.png, id=480, 270.25969pt x 63.23625pt>
File: images/code-snippets/initia.png Graphic file (type png)
<use images/code-snippets/initia.png>
Package pdftex.def Info: images/code-snippets/initia.png  used on input line 14
89.
(pdftex.def)             Requested size: 218.88852pt x 51.21504pt.
<images/code-snippets/lhainit.png, id=481, 316.93407pt x 40.65187pt>
File: images/code-snippets/lhainit.png Graphic file (type png)
<use images/code-snippets/lhainit.png>
Package pdftex.def Info: images/code-snippets/lhainit.png  used on input line 1
491.
(pdftex.def)             Requested size: 244.0158pt x 31.2982pt.
<images/code-snippets/runprocess.png, id=483, 362.85562pt x 176.91093pt>
File: images/code-snippets/runprocess.png Graphic file (type png)
<use images/code-snippets/runprocess.png>
Package pdftex.def Info: images/code-snippets/runprocess.png  used on input lin
e 1496.
(pdftex.def)             Requested size: 291.79642pt x 142.26378pt.
<images/code-snippets/randomline.png, id=486, 244.66406pt x 63.98906pt>
File: images/code-snippets/randomline.png Graphic file (type png)
<use images/code-snippets/randomline.png>
Package pdftex.def Info: images/code-snippets/randomline.png  used on input lin
e 1501.
(pdftex.def)             Requested size: 195.8211pt x 51.21504pt.
<images/code-snippets/linehitscluster.png, id=488, 412.54124pt x 64.74188pt>
File: images/code-snippets/linehitscluster.png Graphic file (type png)
<use images/code-snippets/linehitscluster.png>
Package pdftex.def Info: images/code-snippets/linehitscluster.png  used on inpu
t line 1506.
(pdftex.def)             Requested size: 326.36354pt x 51.21504pt.
<images/code-snippets/getsquare.png, id=489, 569.87906pt x 27.85406pt>
File: images/code-snippets/getsquare.png Graphic file (type png)
<use images/code-snippets/getsquare.png>
Package pdftex.def Info: images/code-snippets/getsquare.png  used on input line
 1510.
(pdftex.def)             Requested size: 465.70384pt x 22.76228pt.
<images/code-snippets/nextparticle.png, id=492, 312.41719pt x 63.98906pt>
File: images/code-snippets/nextparticle.png Graphic file (type png)
<use images/code-snippets/nextparticle.png>
Package pdftex.def Info: images/code-snippets/nextparticle.png  used on input l
ine 1515.
(pdftex.def)             Requested size: 250.0485pt x 51.21504pt.
<images/code-snippets/islower.png, id=493, 200.24812pt x 211.54031pt>
File: images/code-snippets/islower.png Graphic file (type png)
<use images/code-snippets/islower.png>
Package pdftex.def Info: images/code-snippets/islower.png  used on input line 1
519.
(pdftex.def)             Requested size: 161.60732pt x 170.71652pt.

Underfull \hbox (badness 10000) in paragraph at lines 1481--1524

 []


Underfull \hbox (badness 10000) in paragraph at lines 1481--1524

 []


Underfull \hbox (badness 10000) in paragraph at lines 1481--1524

 []


Underfull \hbox (badness 10000) in paragraph at lines 1481--1524

 []


Underfull \hbox (badness 10000) in paragraph at lines 1481--1524

 []


Underfull \hbox (badness 10000) in paragraph at lines 1481--1524

 []


Underfull \hbox (badness 10000) in paragraph at lines 1481--1524

 []


Underfull \hbox (badness 10000) in paragraph at lines 1481--1524

 []


Underfull \hbox (badness 10000) in paragraph at lines 1481--1524

 []


Underfull \hbox (badness 10000) in paragraph at lines 1481--1524

 []


Underfull \hbox (badness 10000) in paragraph at lines 1481--1524

 []


Underfull \hbox (badness 10000) in paragraph at lines 1481--1524

 []


Underfull \hbox (badness 10000) in paragraph at lines 1481--1524

 []


Overfull \hbox (21.14597pt too wide) in paragraph at lines 1481--1524
\T1/lmr/m/n/12 here en-sures that the re-sult-ing ball $\OML/lmm/m/it/12 B$ \T1
/lmr/m/n/12 does con-tain the clus-ter. The method $[]$
 []


Underfull \hbox (badness 10000) in paragraph at lines 1481--1524

 []


Underfull \hbox (badness 10000) in paragraph at lines 1481--1524

 []


Underfull \hbox (badness 10000) in paragraph at lines 1481--1524

 []


Underfull \hbox (badness 10000) in paragraph at lines 1481--1524

 []


Overfull \hbox (17.57289pt too wide) in paragraph at lines 1481--1524
[] 
 []


Underfull \hbox (badness 10000) in paragraph at lines 1481--1524

 []


Underfull \hbox (badness 10000) in paragraph at lines 1481--1524

 []


Underfull \hbox (badness 10000) in paragraph at lines 1481--1524

 []


Underfull \hbox (badness 10000) in paragraph at lines 1481--1524

 []


Underfull \hbox (badness 10000) in paragraph at lines 1481--1524

 []


Underfull \hbox (badness 10000) in paragraph at lines 1481--1524

 []


Underfull \hbox (badness 10000) in paragraph at lines 1481--1524

 []


Underfull \hbox (badness 10000) in paragraph at lines 1481--1524

 []

[41 <./images/code-snippets/mainpy.png>] [42 <./images/code-snippets/initia.png
> <./images/code-snippets/lhainit.png> <./images/code-snippets/runprocess.png> 
<./images/code-snippets/randomline.png>] [43 <./images/code-snippets/linehitscl
uster.png> <./images/code-snippets/getsquare.png> <./images/code-snippets/nextp
article.png>] [44 <./images/code-snippets/islower.png>]
Underfull \hbox (badness 10000) in paragraph at lines 1539--1541

 []

<images/fractal_range/1.PNG, id=521, 175.40532pt x 164.86594pt>
File: images/fractal_range/1.PNG Graphic file (type png)
<use images/fractal_range/1.PNG>
Package pdftex.def Info: images/fractal_range/1.PNG  used on input line 1557.
(pdftex.def)             Requested size: 138.9195pt x 130.58224pt.
<images/fractal_range/4.PNG, id=522, 173.14688pt x 176.15813pt>
File: images/fractal_range/4.PNG Graphic file (type png)
<use images/fractal_range/4.PNG>
Package pdftex.def Info: images/fractal_range/4.PNG  used on input line 1560.
(pdftex.def)             Requested size: 138.9195pt x 141.33794pt.
<images/fractal_range/2.PNG, id=523, 179.92218pt x 176.15813pt>
File: images/fractal_range/2.PNG Graphic file (type png)
<use images/fractal_range/2.PNG>
Package pdftex.def Info: images/fractal_range/2.PNG  used on input line 1563.
(pdftex.def)             Requested size: 138.9195pt x 136.02385pt.
<images/code-snippets/fractalnew.png, id=526, 517.935pt x 245.41687pt>
File: images/code-snippets/fractalnew.png Graphic file (type png)
<use images/code-snippets/fractalnew.png>
Package pdftex.def Info: images/code-snippets/fractalnew.png  used on input lin
e 1572.
(pdftex.def)             Requested size: 450.3706pt x 213.39566pt.

Underfull \hbox (badness 10000) in paragraph at lines 1569--1575

 []


Underfull \hbox (badness 10000) in paragraph at lines 1569--1575

 []


Overfull \hbox (2.23965pt too wide) in paragraph at lines 1569--1575
[] 
 []


Underfull \hbox (badness 10000) in paragraph at lines 1569--1575

 []

[45 <./images/fractal_range/1.PNG> <./images/fractal_range/4.PNG> <./images/fra
ctal_range/2.PNG>]
Underfull \hbox (badness 10000) in paragraph at lines 1581--1583

 []

[46 <./images/code-snippets/fractalnew.png>]
<images/lhaplot.png, id=546, 462.528pt x 346.896pt>
File: images/lhaplot.png Graphic file (type png)
<use images/lhaplot.png>
Package pdftex.def Info: images/lhaplot.png  used on input line 1617.
(pdftex.def)             Requested size: 201.65755pt x 151.24258pt.
<images/volumeplot.png, id=547, 462.528pt x 346.896pt>
File: images/volumeplot.png Graphic file (type png)
<use images/volumeplot.png>
Package pdftex.def Info: images/volumeplot.png  used on input line 1620.
(pdftex.def)             Requested size: 201.65755pt x 151.24258pt.


LaTeX Warning: `h' float specifier changed to `ht'.

[47] [48 <./images/lhaplot.png> <./images/volumeplot.png>]
<images/ia/2021_03_03_12_25_49__image_dla_5000.png, id=566, 401.5pt x 401.5pt>
File: images/ia/2021_03_03_12_25_49__image_dla_5000.png Graphic file (type png)

<use images/ia/2021_03_03_12_25_49__image_dla_5000.png>
Package pdftex.def Info: images/ia/2021_03_03_12_25_49__image_dla_5000.png  use
d on input line 1665.
(pdftex.def)             Requested size: 219.58662pt x 219.59427pt.

Underfull \hbox (badness 10000) in paragraph at lines 1666--1666
[][]|\T1/lmr/m/n/10.95 2021_03_03_12_25_49__im-
 []

<images/ia/2021_03_06_00_23_38__image_lha_5000.png, id=567, 401.5pt x 401.5pt>
File: images/ia/2021_03_06_00_23_38__image_lha_5000.png Graphic file (type png)

<use images/ia/2021_03_06_00_23_38__image_lha_5000.png>
Package pdftex.def Info: images/ia/2021_03_06_00_23_38__image_lha_5000.png  use
d on input line 1669.
(pdftex.def)             Requested size: 219.58662pt x 219.59427pt.

Underfull \hbox (badness 10000) in paragraph at lines 1670--1670
[][]|\T1/lmr/m/n/10.95 2021_03_06_00_23_38__im-
 []

<images/ia/2021_03_03_19_58_26__image_dla_10000.png, id=568, 501.875pt x 501.87
5pt>
File: images/ia/2021_03_03_19_58_26__image_dla_10000.png Graphic file (type png
)
<use images/ia/2021_03_03_19_58_26__image_dla_10000.png>
Package pdftex.def Info: images/ia/2021_03_03_19_58_26__image_dla_10000.png  us
ed on input line 1677.
(pdftex.def)             Requested size: 219.58662pt x 219.59274pt.

Underfull \hbox (badness 10000) in paragraph at lines 1678--1678
[][]|\T1/lmr/m/n/10.95 2021_03_03_19_58_26__im-
 []

<images/ia/2021_03_05_23_28_53__image_lha_10000.png, id=569, 401.5pt x 401.5pt>

File: images/ia/2021_03_05_23_28_53__image_lha_10000.png Graphic file (type png
)
<use images/ia/2021_03_05_23_28_53__image_lha_10000.png>
Package pdftex.def Info: images/ia/2021_03_05_23_28_53__image_lha_10000.png  us
ed on input line 1681.
(pdftex.def)             Requested size: 219.58662pt x 219.59427pt.

Underfull \hbox (badness 10000) in paragraph at lines 1682--1682
[][]|\T1/lmr/m/n/10.95 2021_03_05_23_28_53__im-
 []

<images/ia/2021_03_03_21_23_47__image_lha_100000.png, id=570, 1003.75pt x 1003.
75pt>
File: images/ia/2021_03_03_21_23_47__image_lha_100000.png Graphic file (type pn
g)
<use images/ia/2021_03_03_21_23_47__image_lha_100000.png>
Package pdftex.def Info: images/ia/2021_03_03_21_23_47__image_lha_100000.png  u
sed on input line 1689.
(pdftex.def)             Requested size: 322.65483pt x 322.66158pt.
<images/ia/2021_03_04_00_42_19__image_lha_200000.png, id=571, 874.01532pt x 819
.8128pt>
File: images/ia/2021_03_04_00_42_19__image_lha_200000.png Graphic file (type pn
g)
<use images/ia/2021_03_04_00_42_19__image_lha_200000.png>
Package pdftex.def Info: images/ia/2021_03_04_00_42_19__image_lha_200000.png  u
sed on input line 1693.
(pdftex.def)             Requested size: 322.65483pt x 302.63797pt.

LaTeX Warning: Float too large for page by 29.99953pt on input line 1696.

[49 <./images/ia/2021_03_03_12_25_49__image_dla_5000.png (PNG copy)> <./images/
ia/2021_03_06_00_23_38__image_lha_5000.png (PNG copy)> <./images/ia/2021_03_03_
19_58_26__image_dla_10000.png (PNG copy)> <./images/ia/2021_03_05_23_28_53__ima
ge_lha_10000.png (PNG copy)>] [50 <./images/ia/2021_03_03_21_23_47__image_lha_1
00000.png (PNG copy)> <./images/ia/2021_03_04_00_42_19__image_lha_200000.png>]
<images/ia/2021_03_03_21_23_50___100000__10000__8923.png, id=584, 702.625pt x 7
02.625pt>
File: images/ia/2021_03_03_21_23_50___100000__10000__8923.png Graphic file (typ
e png)
<use images/ia/2021_03_03_21_23_50___100000__10000__8923.png>
Package pdftex.def Info: images/ia/2021_03_03_21_23_50___100000__10000__8923.pn
g  used on input line 1704.
(pdftex.def)             Requested size: 227.62137pt x 227.62204pt.

Overfull \hbox (8.03474pt too wide) in paragraph at lines 1704--1705
[][] 
 []


Underfull \hbox (badness 10000) in paragraph at lines 1705--1705
[][]|\T1/lmr/m/n/10.95 2021_03_03_21_23_50__lha_100000,
 []

<images/ia/2021_03_04_15_58_28___50000__5000__5250.png, id=585, 501.875pt x 501
.875pt>
File: images/ia/2021_03_04_15_58_28___50000__5000__5250.png Graphic file (type 
png)
<use images/ia/2021_03_04_15_58_28___50000__5000__5250.png>
Package pdftex.def Info: images/ia/2021_03_04_15_58_28___50000__5000__5250.png 
 used on input line 1708.
(pdftex.def)             Requested size: 227.62596pt x 227.62204pt.

Overfull \hbox (8.03934pt too wide) in paragraph at lines 1708--1709
[][] 
 []


Underfull \hbox (badness 10000) in paragraph at lines 1709--1709
[][]|\T1/lmr/m/n/10.95 2021_03_04_15_58_28__lha_50000,
 []

<images/ia/2021_03_03_19_59_39___10000__2000__7448.png, id=586, 291.33844pt x 2
95.85532pt>
File: images/ia/2021_03_03_19_59_39___10000__2000__7448.png Graphic file (type 
png)
<use images/ia/2021_03_03_19_59_39___10000__2000__7448.png>
Package pdftex.def Info: images/ia/2021_03_03_19_59_39___10000__2000__7448.png 
 used on input line 1718.
(pdftex.def)             Requested size: 224.15346pt x 227.62204pt.

Overfull \hbox (4.56683pt too wide) in paragraph at lines 1718--1719
[][] 
 []


Underfull \hbox (badness 10000) in paragraph at lines 1719--1719
[][]|\T1/lmr/m/n/10.95 2021_03_03_19_59_39__dla_10000,
 []

<images/ia/2021_03_04_00_42_19___200000__10000__6945.png, id=587, 1003.75pt x 1
003.75pt>
File: images/ia/2021_03_04_00_42_19___200000__10000__6945.png Graphic file (typ
e png)
<use images/ia/2021_03_04_00_42_19___200000__10000__6945.png>
Package pdftex.def Info: images/ia/2021_03_04_00_42_19___200000__10000__6945.pn
g  used on input line 1722.
(pdftex.def)             Requested size: 227.61066pt x 227.62204pt.

Overfull \hbox (8.02403pt too wide) in paragraph at lines 1722--1723
[][] 
 []


Underfull \hbox (badness 10000) in paragraph at lines 1723--1723
[][]|\T1/lmr/m/n/10.95 2021_03_04_00_42_19__lha_200000,
 []

<images/ia/2021_03_04_15_58_28__lha_50000_colored.png, id=588, 440.39531pt x 39
5.22656pt>
File: images/ia/2021_03_04_15_58_28__lha_50000_colored.png Graphic file (type p
ng)
<use images/ia/2021_03_04_15_58_28__lha_50000_colored.png>
Package pdftex.def Info: images/ia/2021_03_04_15_58_28__lha_50000_colored.png  
used on input line 1733.
(pdftex.def)             Requested size: 322.65483pt x 289.57437pt.
<images/ia/2021_03_04_00_42_19__lha_200000_colored.png, id=589, 874.01532pt x 8
19.8128pt>
File: images/ia/2021_03_04_00_42_19__lha_200000_colored.png Graphic file (type 
png)
<use images/ia/2021_03_04_00_42_19__lha_200000_colored.png>
Package pdftex.def Info: images/ia/2021_03_04_00_42_19__lha_200000_colored.png 
 used on input line 1737.
(pdftex.def)             Requested size: 322.65483pt x 302.63797pt.
[51 <./images/ia/2021_03_03_21_23_50___100000__10000__8923.png (PNG copy)> <./i
mages/ia/2021_03_04_15_58_28___50000__5000__5250.png (PNG copy)> <./images/ia/2
021_03_03_19_59_39___10000__2000__7448.png> <./images/ia/2021_03_04_00_42_19___
200000__10000__6945.png (PNG copy)>] [52 <./images/ia/2021_03_04_15_58_28__lha_
50000_colored.png> <./images/ia/2021_03_04_00_42_19__lha_200000_colored.png>]
Underfull \hbox (badness 10000) in paragraph at lines 1756--1760

 []


Underfull \hbox (badness 10000) in paragraph at lines 1756--1760

 []

[53]
LaTeX Font Info:    Trying to load font information for T1+lmtt on input line 1
803.
 (C:\Users\donnykong\AppData\Local\Programs\MiKTeX\tex/latex/lm\t1lmtt.fd
File: t1lmtt.fd 2009/10/30 v1.6 Font defs for Latin Modern
)
[54]
Underfull \hbox (badness 10000) in paragraph at lines 1838--1839

 []


Underfull \hbox (badness 10000) in paragraph at lines 1840--1842

 []

[55] (masterarbeit.aux)
Package rerunfilecheck Info: File `masterarbeit.out' has not changed.
(rerunfilecheck)             Checksum: D41D8CD98F00B204E9800998ECF8427E;0.
 ) 
Here is how much of TeX's memory you used:
 13873 strings out of 479697
 248371 string characters out of 2865232
 696335 words of memory out of 3000000
 30398 multiletter control sequences out of 15000+200000
 526574 words of font info for 115 fonts, out of 3000000 for 9000
 1141 hyphenation exceptions out of 8191
 106i,20n,111p,10609b,517s stack positions out of 5000i,500n,10000p,200000b,50000s
{C:/Users/donnykong/AppData/Local/Programs/MiKTeX/fonts/enc/dvips/lm/lm-ec.en
c}{C:/Users/donnykong/AppData/Local/Programs/MiKTeX/fonts/enc/dvips/lm/lm-rm.en
c}{C:/Users/donnykong/AppData/Local/Programs/MiKTeX/fonts/enc/dvips/lm/lm-maths
y.enc} <C:\Users\donnykong\AppData\Local\MiKTeX\fonts/pk/ljfour/public/bbm/dpi6
00\bbm12.pk>{C:/Users/donnykong/AppData/Local/Programs/MiKTeX/fonts/enc/dvips/l
m/lm-mathit.enc}{C:/Users/donnykong/AppData/Local/Programs/MiKTeX/fonts/enc/dvi
ps/lm/lm-mathex.enc}<C:/Users/donnykong/AppData/Local/Programs/MiKTeX/fonts/typ
e1/public/amsfonts/euler/eufm10.pfb><C:/Users/donnykong/AppData/Local/Programs/
MiKTeX/fonts/type1/public/lm/lmbx12.pfb><C:/Users/donnykong/AppData/Local/Progr
ams/MiKTeX/fonts/type1/public/lm/lmex10.pfb><C:/Users/donnykong/AppData/Local/P
rograms/MiKTeX/fonts/type1/public/lm/lmmi12.pfb><C:/Users/donnykong/AppData/Loc
al/Programs/MiKTeX/fonts/type1/public/lm/lmmi6.pfb><C:/Users/donnykong/AppData/
Local/Programs/MiKTeX/fonts/type1/public/lm/lmmi8.pfb><C:/Users/donnykong/AppDa
ta/Local/Programs/MiKTeX/fonts/type1/public/lm/lmr10.pfb><C:/Users/donnykong/Ap
pData/Local/Programs/MiKTeX/fonts/type1/public/lm/lmr12.pfb><C:/Users/donnykong
/AppData/Local/Programs/MiKTeX/fonts/type1/public/lm/lmr17.pfb><C:/Users/donnyk
ong/AppData/Local/Programs/MiKTeX/fonts/type1/public/lm/lmr6.pfb><C:/Users/donn
ykong/AppData/Local/Programs/MiKTeX/fonts/type1/public/lm/lmr8.pfb><C:/Users/do
nnykong/AppData/Local/Programs/MiKTeX/fonts/type1/public/lm/lmri12.pfb><C:/User
s/donnykong/AppData/Local/Programs/MiKTeX/fonts/type1/public/lm/lmri8.pfb><C:/U
sers/donnykong/AppData/Local/Programs/MiKTeX/fonts/type1/public/lm/lmro12.pfb><
C:/Users/donnykong/AppData/Local/Programs/MiKTeX/fonts/type1/public/lm/lmssbx10
.pfb><C:/Users/donnykong/AppData/Local/Programs/MiKTeX/fonts/type1/public/lm/lm
sy10.pfb><C:/Users/donnykong/AppData/Local/Programs/MiKTeX/fonts/type1/public/l
m/lmsy6.pfb><C:/Users/donnykong/AppData/Local/Programs/MiKTeX/fonts/type1/publi
c/lm/lmsy8.pfb><C:/Users/donnykong/AppData/Local/Programs/MiKTeX/fonts/type1/pu
blic/lm/lmtt10.pfb><C:/Users/donnykong/AppData/Local/Programs/MiKTeX/fonts/type
1/public/lm/lmtt8.pfb><C:/Users/donnykong/AppData/Local/Programs/MiKTeX/fonts/t
ype1/public/amsfonts/symbols/msbm10.pfb>
Output written on masterarbeit.pdf (57 pages, 9476276 bytes).
PDF statistics:
 823 PDF objects out of 1000 (max. 8388607)
 197 named destinations out of 1000 (max. 500000)
 409 words of extra memory for PDF output out of 10000 (max. 10000000)

